#
# There is insufficient memory for the Java Runtime Environment to continue.
# Native memory allocation (mmap) failed to map 38797312 bytes for G1 virtual space
# Possible reasons:
#   The system is out of physical RAM or swap space
#   The process is running with CompressedOops enabled, and the Java Heap may be blocking the growth of the native heap
# Possible solutions:
#   Reduce memory load on the system
#   Increase physical memory or swap space
#   Check if swap backing store is full
#   Decrease Java heap size (-Xmx/-Xms)
#   Decrease number of Java threads
#   Decrease Java thread stack sizes (-Xss)
#   Set larger code cache with -XX:ReservedCodeCacheSize=
#   JVM is running with Unscaled Compressed Oops mode in which the Java heap is
#     placed in the first 4GB address space. The Java Heap base address is the
#     maximum limit for the native heap growth. Please use -XX:HeapBaseMinAddress
#     to set the Java Heap base and to place the Java Heap above 4GB virtual address.
# This output file may be truncated or incomplete.
#
#  Out of Memory Error (os_windows.cpp:3466), pid=16136, tid=5588
#
# JRE version: OpenJDK Runtime Environment (16.0.1+9) (build 16.0.1+9-24)
# Java VM: OpenJDK 64-Bit Server VM (16.0.1+9-24, mixed mode, tiered, compressed oops, compressed class ptrs, g1 gc, windows-amd64)
# No core dump will be written. Minidumps are not enabled by default on client versions of Windows
#

---------------  S U M M A R Y ------------

Command Line: -Dfile.encoding=UTF-8 -XX:+ShowCodeDetailsInExceptionMessages com.rkit.jpaproject.JpaprojectApplication

Host: Intel(R) Core(TM) i5-9300H CPU @ 2.40GHz, 8 cores, 7G,  Windows 10 , 64 bit Build 19041 (10.0.19041.1023)
Time: Wed Aug  4 12:14:56 2021 India Standard Time elapsed time: 3.607871 seconds (0d 0h 0m 3s)

---------------  T H R E A D  ---------------

Current thread (0x000001f0f1478a40):  VMThread "VM Thread" [stack: 0x0000005cc2500000,0x0000005cc2600000] [id=5588]

Stack: [0x0000005cc2500000,0x0000005cc2600000]
Native frames: (J=compiled Java code, j=interpreted, Vv=VM code, C=native code)
V  [jvm.dll+0x6687ca]
V  [jvm.dll+0x7ca3c9]
V  [jvm.dll+0x7cbb53]
V  [jvm.dll+0x7cc1b3]
V  [jvm.dll+0x242ea5]
V  [jvm.dll+0x665589]
V  [jvm.dll+0x65a175]
V  [jvm.dll+0x2fc5ab]
V  [jvm.dll+0x3037a6]
V  [jvm.dll+0x352fee]
V  [jvm.dll+0x35321f]
V  [jvm.dll+0x2d3618]
V  [jvm.dll+0x2d11a5]
V  [jvm.dll+0x2d07dc]
V  [jvm.dll+0x3158c2]
V  [jvm.dll+0x7d05eb]
V  [jvm.dll+0x7d12e4]
V  [jvm.dll+0x7d17e9]
V  [jvm.dll+0x7d1aa4]
V  [jvm.dll+0x7d1b70]
V  [jvm.dll+0x779b4a]
V  [jvm.dll+0x667666]
C  [ucrtbase.dll+0x21bb2]
C  [KERNEL32.DLL+0x17034]
C  [ntdll.dll+0x52651]

VM_Operation (0x0000005cc39fd3f0): G1CollectForAllocation, mode: safepoint, requested by thread 0x000001f0f3683740


---------------  P R O C E S S  ---------------

Threads class SMR info:
_java_thread_list=0x000001f0f39214c0, length=15, elements={
0x000001f0d7619ef0, 0x000001f0f20030a0, 0x000001f0f2007530, 0x000001f0f1498280,
0x000001f0f1498c90, 0x000001f0f149bf10, 0x000001f0f2029a80, 0x000001f0f2031620,
0x000001f0f2031f70, 0x000001f0f2036400, 0x000001f0f21bcda0, 0x000001f0f21db1f0,
0x000001f0f2a21390, 0x000001f0f3683220, 0x000001f0f3683740
}

Java Threads: ( => current thread )
  0x000001f0d7619ef0 JavaThread "main" [_thread_blocked, id=36452, stack(0x0000005cc1f00000,0x0000005cc2000000)]
  0x000001f0f20030a0 JavaThread "Reference Handler" daemon [_thread_blocked, id=12364, stack(0x0000005cc2600000,0x0000005cc2700000)]
  0x000001f0f2007530 JavaThread "Finalizer" daemon [_thread_blocked, id=17828, stack(0x0000005cc2700000,0x0000005cc2800000)]
  0x000001f0f1498280 JavaThread "Signal Dispatcher" daemon [_thread_blocked, id=6884, stack(0x0000005cc2800000,0x0000005cc2900000)]
  0x000001f0f1498c90 JavaThread "Attach Listener" daemon [_thread_blocked, id=26288, stack(0x0000005cc2900000,0x0000005cc2a00000)]
  0x000001f0f149bf10 JavaThread "Service Thread" daemon [_thread_blocked, id=36172, stack(0x0000005cc2a00000,0x0000005cc2b00000)]
  0x000001f0f2029a80 JavaThread "Monitor Deflation Thread" daemon [_thread_blocked, id=31388, stack(0x0000005cc2b00000,0x0000005cc2c00000)]
  0x000001f0f2031620 JavaThread "C2 CompilerThread0" daemon [_thread_blocked, id=36488, stack(0x0000005cc2c00000,0x0000005cc2d00000)]
  0x000001f0f2031f70 JavaThread "C1 CompilerThread0" daemon [_thread_blocked, id=37236, stack(0x0000005cc2d00000,0x0000005cc2e00000)]
  0x000001f0f2036400 JavaThread "Sweeper thread" daemon [_thread_blocked, id=30304, stack(0x0000005cc2e00000,0x0000005cc2f00000)]
  0x000001f0f21bcda0 JavaThread "Notification Thread" daemon [_thread_blocked, id=38060, stack(0x0000005cc2f00000,0x0000005cc3000000)]
  0x000001f0f21db1f0 JavaThread "Common-Cleaner" daemon [_thread_blocked, id=32064, stack(0x0000005cc3100000,0x0000005cc3200000)]
  0x000001f0f2a21390 JavaThread "C2 CompilerThread1" daemon [_thread_in_native, id=22972, stack(0x0000005cc3200000,0x0000005cc3300000)]
  0x000001f0f3683220 JavaThread "Thread-0" [_thread_blocked, id=15496, stack(0x0000005cc3800000,0x0000005cc3900000)]
  0x000001f0f3683740 JavaThread "restartedMain" [_thread_blocked, id=3900, stack(0x0000005cc3900000,0x0000005cc3a00000)]

Other Threads:
=>0x000001f0f1478a40 VMThread "VM Thread" [stack: 0x0000005cc2500000,0x0000005cc2600000] [id=5588]
  0x000001f0f21c20f0 WatcherThread [stack: 0x0000005cc3000000,0x0000005cc3100000] [id=18908]
  0x000001f0d7657fe0 GCTaskThread "GC Thread#0" [stack: 0x0000005cc2000000,0x0000005cc2100000] [id=11840]
  0x000001f0f2ac59e0 GCTaskThread "GC Thread#1" [stack: 0x0000005cc3300000,0x0000005cc3400000] [id=8820]
  0x000001f0f2ac5cf0 GCTaskThread "GC Thread#2" [stack: 0x0000005cc3400000,0x0000005cc3500000] [id=32932]
  0x000001f0f29728a0 GCTaskThread "GC Thread#3" [stack: 0x0000005cc3500000,0x0000005cc3600000] [id=19000]
  0x000001f0f2972bb0 GCTaskThread "GC Thread#4" [stack: 0x0000005cc3600000,0x0000005cc3700000] [id=13756]
  0x000001f0f2ac6400 GCTaskThread "GC Thread#5" [stack: 0x0000005cc3700000,0x0000005cc3800000] [id=38576]
  0x000001f0f36fb880 GCTaskThread "GC Thread#6" [stack: 0x0000005cc3b00000,0x0000005cc3c00000] [id=24712]
  0x000001f0f36ebb80 GCTaskThread "GC Thread#7" [stack: 0x0000005cc3c00000,0x0000005cc3d00000] [id=38688]
  0x000001f0d7668b90 ConcurrentGCThread "G1 Main Marker" [stack: 0x0000005cc2100000,0x0000005cc2200000] [id=13244]
  0x000001f0d766a0e0 ConcurrentGCThread "G1 Conc#0" [stack: 0x0000005cc2200000,0x0000005cc2300000] [id=35188]
  0x000001f0f370d920 ConcurrentGCThread "G1 Conc#1" [stack: 0x0000005cc3d00000,0x0000005cc3e00000] [id=31104]
  0x000001f0f12c40c0 ConcurrentGCThread "G1 Refine#0" [stack: 0x0000005cc2300000,0x0000005cc2400000] [id=31720]
  0x000001f0f12c47f0 ConcurrentGCThread "G1 Service" [stack: 0x0000005cc2400000,0x0000005cc2500000] [id=31216]

Threads with active compile tasks:
C2 CompilerThread0     3650 3047       4       org.springframework.beans.factory.support.DefaultListableBeanFactory::requiresEagerInitForType (26 bytes)
C2 CompilerThread1     3651 3064       4       org.springframework.beans.factory.support.AbstractBeanFactory::isFactoryBean (65 bytes)

VM state: at safepoint (normal execution)

VM Mutex/Monitor currently owned by a thread:  ([mutex/lock_event])
[0x000001f0d76154f0] Threads_lock - owner thread: 0x000001f0f1478a40
[0x000001f0d7615970] Heap_lock - owner thread: 0x000001f0f3683740

Heap address: 0x0000000081200000, size: 2030 MB, Compressed Oops mode: 32-bit

CDS disabled.
Compressed class space mapped at: 0x0000000100000000-0x0000000140000000, reserved size: 1073741824
Narrow klass base: 0x0000000000000000, Narrow klass shift: 3, Narrow klass range: 0x140000000

GC Precious Log:
 CPUs: 8 total, 8 available
 Memory: 8112M
 Large Page Support: Disabled
 NUMA Support: Disabled
 Compressed Oops: Enabled (32-bit)
 Heap Region Size: 1M
 Heap Min Capacity: 8M
 Heap Initial Capacity: 128M
 Heap Max Capacity: 2030M
 Pre-touch: Disabled
 Parallel Workers: 8
 Concurrent Workers: 2
 Concurrent Refinement Workers: 8
 Periodic GC: Disabled

Heap:
 garbage-first heap   total 93184K, used 14691K [0x0000000081200000, 0x0000000100000000)
  region size 1024K, 1 young (1024K), 1 survivors (1024K)
 Metaspace       used 34117K, committed 34432K, reserved 1081344K
  class space    used 3946K, committed 4096K, reserved 1048576K

Heap Regions: E=young(eden), S=young(survivor), O=old, HS=humongous(starts), HC=humongous(continues), CS=collection set, F=free, OA=open archive, CA=closed archive, TAMS=top-at-mark-start (previous, next)
|   0|0x0000000081200000, 0x0000000081300000, 0x0000000081300000|100%|HS|  |TAMS 0x0000000081300000, 0x0000000081200000| Complete 
|   1|0x0000000081300000, 0x0000000081400000, 0x0000000081400000|100%| O|  |TAMS 0x0000000081400000, 0x0000000081300000| Untracked 
|   2|0x0000000081400000, 0x0000000081500000, 0x0000000081500000|100%| O|  |TAMS 0x0000000081500000, 0x0000000081400000| Untracked 
|   3|0x0000000081500000, 0x0000000081600000, 0x0000000081600000|100%| O|  |TAMS 0x0000000081600000, 0x0000000081500000| Untracked 
|   4|0x0000000081600000, 0x0000000081700000, 0x0000000081700000|100%| O|  |TAMS 0x0000000081700000, 0x0000000081600000| Untracked 
|   5|0x0000000081700000, 0x0000000081800000, 0x0000000081800000|100%| O|  |TAMS 0x0000000081800000, 0x0000000081700000| Untracked 
|   6|0x0000000081800000, 0x0000000081826800, 0x0000000081900000| 15%| O|  |TAMS 0x0000000081826800, 0x0000000081800000| Untracked 
|   7|0x0000000081900000, 0x0000000081a00000, 0x0000000081a00000|100%| O|  |TAMS 0x0000000081900000, 0x0000000081900000| Untracked 
|   8|0x0000000081a00000, 0x0000000081b00000, 0x0000000081b00000|100%| O|  |TAMS 0x0000000081a00000, 0x0000000081a00000| Untracked 
|   9|0x0000000081b00000, 0x0000000081c00000, 0x0000000081c00000|100%| O|  |TAMS 0x0000000081b00000, 0x0000000081b00000| Untracked 
|  10|0x0000000081c00000, 0x0000000081d00000, 0x0000000081d00000|100%| O|  |TAMS 0x0000000081c00000, 0x0000000081c00000| Untracked 
|  11|0x0000000081d00000, 0x0000000081e00000, 0x0000000081e00000|100%| O|  |TAMS 0x0000000081d00000, 0x0000000081d00000| Untracked 
|  12|0x0000000081e00000, 0x0000000081f00000, 0x0000000081f00000|100%| O|  |TAMS 0x0000000081e00000, 0x0000000081e00000| Untracked 
|  13|0x0000000081f00000, 0x0000000082000000, 0x0000000082000000|100%| O|  |TAMS 0x0000000081f00000, 0x0000000081f00000| Untracked 
|  14|0x0000000082000000, 0x00000000820f7800, 0x0000000082100000| 96%| O|  |TAMS 0x0000000082000000, 0x0000000082000000| Untracked 
|  15|0x0000000082100000, 0x0000000082100000, 0x0000000082200000|  0%| F|  |TAMS 0x0000000082100000, 0x0000000082100000| Untracked 
|  16|0x0000000082200000, 0x0000000082200000, 0x0000000082300000|  0%| F|  |TAMS 0x0000000082200000, 0x0000000082200000| Untracked 
|  17|0x0000000082300000, 0x0000000082300000, 0x0000000082400000|  0%| F|  |TAMS 0x0000000082300000, 0x0000000082300000| Untracked 
|  18|0x0000000082400000, 0x0000000082400000, 0x0000000082500000|  0%| F|  |TAMS 0x0000000082400000, 0x0000000082400000| Untracked 
|  19|0x0000000082500000, 0x0000000082500000, 0x0000000082600000|  0%| F|  |TAMS 0x0000000082500000, 0x0000000082500000| Untracked 
|  20|0x0000000082600000, 0x0000000082600000, 0x0000000082700000|  0%| F|  |TAMS 0x0000000082600000, 0x0000000082600000| Untracked 
|  21|0x0000000082700000, 0x0000000082700000, 0x0000000082800000|  0%| F|  |TAMS 0x0000000082700000, 0x0000000082700000| Untracked 
|  22|0x0000000082800000, 0x0000000082800000, 0x0000000082900000|  0%| F|  |TAMS 0x0000000082800000, 0x0000000082800000| Untracked 
|  23|0x0000000082900000, 0x000000008293ad60, 0x0000000082a00000| 22%| S|CS|TAMS 0x0000000082900000, 0x0000000082900000| Complete 
|  24|0x0000000082a00000, 0x0000000082a00000, 0x0000000082b00000|  0%| F|  |TAMS 0x0000000082a00000, 0x0000000082a00000| Untracked 
|  25|0x0000000082b00000, 0x0000000082b00000, 0x0000000082c00000|  0%| F|  |TAMS 0x0000000082b00000, 0x0000000082b00000| Untracked 
|  26|0x0000000082c00000, 0x0000000082c00000, 0x0000000082d00000|  0%| F|  |TAMS 0x0000000082c00000, 0x0000000082c00000| Untracked 
|  27|0x0000000082d00000, 0x0000000082d00000, 0x0000000082e00000|  0%| F|  |TAMS 0x0000000082d00000, 0x0000000082d00000| Untracked 
|  28|0x0000000082e00000, 0x0000000082e00000, 0x0000000082f00000|  0%| F|  |TAMS 0x0000000082e00000, 0x0000000082e00000| Untracked 
|  29|0x0000000082f00000, 0x0000000082f00000, 0x0000000083000000|  0%| F|  |TAMS 0x0000000082f00000, 0x0000000082f00000| Untracked 
|  30|0x0000000083000000, 0x0000000083000000, 0x0000000083100000|  0%| F|  |TAMS 0x0000000083000000, 0x0000000083000000| Untracked 
|  31|0x0000000083100000, 0x0000000083100000, 0x0000000083200000|  0%| F|  |TAMS 0x0000000083100000, 0x0000000083100000| Untracked 
|  32|0x0000000083200000, 0x0000000083200000, 0x0000000083300000|  0%| F|  |TAMS 0x0000000083200000, 0x0000000083200000| Untracked 
|  33|0x0000000083300000, 0x0000000083300000, 0x0000000083400000|  0%| F|  |TAMS 0x0000000083300000, 0x0000000083300000| Untracked 
|  34|0x0000000083400000, 0x0000000083400000, 0x0000000083500000|  0%| F|  |TAMS 0x0000000083400000, 0x0000000083400000| Untracked 
|  35|0x0000000083500000, 0x0000000083500000, 0x0000000083600000|  0%| F|  |TAMS 0x0000000083500000, 0x0000000083500000| Untracked 
|  36|0x0000000083600000, 0x0000000083600000, 0x0000000083700000|  0%| F|  |TAMS 0x0000000083600000, 0x0000000083600000| Untracked 
|  37|0x0000000083700000, 0x0000000083700000, 0x0000000083800000|  0%| F|  |TAMS 0x0000000083700000, 0x0000000083700000| Untracked 
|  38|0x0000000083800000, 0x0000000083800000, 0x0000000083900000|  0%| F|  |TAMS 0x0000000083800000, 0x0000000083800000| Untracked 
|  39|0x0000000083900000, 0x0000000083900000, 0x0000000083a00000|  0%| F|  |TAMS 0x0000000083900000, 0x0000000083900000| Untracked 
|  40|0x0000000083a00000, 0x0000000083a00000, 0x0000000083b00000|  0%| F|  |TAMS 0x0000000083a00000, 0x0000000083a00000| Untracked 
|  41|0x0000000083b00000, 0x0000000083b00000, 0x0000000083c00000|  0%| F|  |TAMS 0x0000000083b00000, 0x0000000083b00000| Untracked 
|  42|0x0000000083c00000, 0x0000000083c00000, 0x0000000083d00000|  0%| F|  |TAMS 0x0000000083c00000, 0x0000000083c00000| Untracked 
|  43|0x0000000083d00000, 0x0000000083d00000, 0x0000000083e00000|  0%| F|  |TAMS 0x0000000083d00000, 0x0000000083d00000| Untracked 
|  44|0x0000000083e00000, 0x0000000083e00000, 0x0000000083f00000|  0%| F|  |TAMS 0x0000000083e00000, 0x0000000083e00000| Untracked 
|  45|0x0000000083f00000, 0x0000000083f00000, 0x0000000084000000|  0%| F|  |TAMS 0x0000000083f00000, 0x0000000083f00000| Untracked 
|  46|0x0000000084000000, 0x0000000084000000, 0x0000000084100000|  0%| F|  |TAMS 0x0000000084000000, 0x0000000084000000| Untracked 
|  47|0x0000000084100000, 0x0000000084100000, 0x0000000084200000|  0%| F|  |TAMS 0x0000000084100000, 0x0000000084100000| Untracked 
|  48|0x0000000084200000, 0x0000000084200000, 0x0000000084300000|  0%| F|  |TAMS 0x0000000084200000, 0x0000000084200000| Untracked 
|  49|0x0000000084300000, 0x0000000084300000, 0x0000000084400000|  0%| F|  |TAMS 0x0000000084300000, 0x0000000084300000| Untracked 
|  50|0x0000000084400000, 0x0000000084400000, 0x0000000084500000|  0%| F|  |TAMS 0x0000000084400000, 0x0000000084400000| Untracked 
|  51|0x0000000084500000, 0x0000000084500000, 0x0000000084600000|  0%| F|  |TAMS 0x0000000084500000, 0x0000000084500000| Untracked 
|  52|0x0000000084600000, 0x0000000084600000, 0x0000000084700000|  0%| F|  |TAMS 0x0000000084600000, 0x0000000084600000| Untracked 
|  53|0x0000000084700000, 0x0000000084700000, 0x0000000084800000|  0%| F|  |TAMS 0x0000000084700000, 0x0000000084700000| Untracked 
|  54|0x0000000084800000, 0x0000000084800000, 0x0000000084900000|  0%| F|  |TAMS 0x0000000084800000, 0x0000000084800000| Untracked 
|  55|0x0000000084900000, 0x0000000084900000, 0x0000000084a00000|  0%| F|  |TAMS 0x0000000084900000, 0x0000000084900000| Untracked 
|  56|0x0000000084a00000, 0x0000000084a00000, 0x0000000084b00000|  0%| F|  |TAMS 0x0000000084a00000, 0x0000000084a00000| Untracked 
|  57|0x0000000084b00000, 0x0000000084b00000, 0x0000000084c00000|  0%| F|  |TAMS 0x0000000084b00000, 0x0000000084b00000| Untracked 
|  58|0x0000000084c00000, 0x0000000084c00000, 0x0000000084d00000|  0%| F|  |TAMS 0x0000000084c00000, 0x0000000084c00000| Untracked 
|  59|0x0000000084d00000, 0x0000000084d00000, 0x0000000084e00000|  0%| F|  |TAMS 0x0000000084d00000, 0x0000000084d00000| Untracked 
|  60|0x0000000084e00000, 0x0000000084e00000, 0x0000000084f00000|  0%| F|  |TAMS 0x0000000084e00000, 0x0000000084e00000| Untracked 
|  61|0x0000000084f00000, 0x0000000084f00000, 0x0000000085000000|  0%| F|  |TAMS 0x0000000084f00000, 0x0000000084f00000| Untracked 
|  62|0x0000000085000000, 0x0000000085000000, 0x0000000085100000|  0%| F|  |TAMS 0x0000000085000000, 0x0000000085000000| Untracked 
|  63|0x0000000085100000, 0x0000000085100000, 0x0000000085200000|  0%| F|  |TAMS 0x0000000085100000, 0x0000000085100000| Untracked 
|  64|0x0000000085200000, 0x0000000085200000, 0x0000000085300000|  0%| F|  |TAMS 0x0000000085200000, 0x0000000085200000| Untracked 
|  65|0x0000000085300000, 0x0000000085300000, 0x0000000085400000|  0%| F|  |TAMS 0x0000000085300000, 0x0000000085300000| Untracked 
|  66|0x0000000085400000, 0x0000000085400000, 0x0000000085500000|  0%| F|  |TAMS 0x0000000085400000, 0x0000000085400000| Untracked 
|  67|0x0000000085500000, 0x0000000085500000, 0x0000000085600000|  0%| F|  |TAMS 0x0000000085500000, 0x0000000085500000| Untracked 
|  68|0x0000000085600000, 0x0000000085600000, 0x0000000085700000|  0%| F|  |TAMS 0x0000000085600000, 0x0000000085600000| Untracked 
|  69|0x0000000085700000, 0x0000000085700000, 0x0000000085800000|  0%| F|  |TAMS 0x0000000085700000, 0x0000000085700000| Untracked 
|  70|0x0000000085800000, 0x0000000085800000, 0x0000000085900000|  0%| F|  |TAMS 0x0000000085800000, 0x0000000085800000| Untracked 
|  71|0x0000000085900000, 0x0000000085900000, 0x0000000085a00000|  0%| F|  |TAMS 0x0000000085900000, 0x0000000085900000| Untracked 
|  72|0x0000000085a00000, 0x0000000085a00000, 0x0000000085b00000|  0%| F|  |TAMS 0x0000000085a00000, 0x0000000085a00000| Untracked 
|  73|0x0000000085b00000, 0x0000000085b00000, 0x0000000085c00000|  0%| F|  |TAMS 0x0000000085b00000, 0x0000000085b00000| Untracked 
|  74|0x0000000085c00000, 0x0000000085c00000, 0x0000000085d00000|  0%| F|  |TAMS 0x0000000085c00000, 0x0000000085c00000| Untracked 
|  75|0x0000000085d00000, 0x0000000085d00000, 0x0000000085e00000|  0%| F|  |TAMS 0x0000000085d00000, 0x0000000085d00000| Untracked 
|  76|0x0000000085e00000, 0x0000000085e00000, 0x0000000085f00000|  0%| F|  |TAMS 0x0000000085e00000, 0x0000000085e00000| Untracked 
|  77|0x0000000085f00000, 0x0000000085f00000, 0x0000000086000000|  0%| F|  |TAMS 0x0000000085f00000, 0x0000000085f00000| Untracked 
|  78|0x0000000086000000, 0x0000000086000000, 0x0000000086100000|  0%| F|  |TAMS 0x0000000086000000, 0x0000000086000000| Untracked 
|  79|0x0000000086100000, 0x0000000086100000, 0x0000000086200000|  0%| F|  |TAMS 0x0000000086100000, 0x0000000086100000| Untracked 
|  80|0x0000000086200000, 0x0000000086200000, 0x0000000086300000|  0%| F|  |TAMS 0x0000000086200000, 0x0000000086200000| Untracked 
|  81|0x0000000086300000, 0x0000000086300000, 0x0000000086400000|  0%| F|  |TAMS 0x0000000086300000, 0x0000000086300000| Untracked 
|  82|0x0000000086400000, 0x0000000086400000, 0x0000000086500000|  0%| F|  |TAMS 0x0000000086400000, 0x0000000086400000| Untracked 
|  83|0x0000000086500000, 0x0000000086500000, 0x0000000086600000|  0%| F|  |TAMS 0x0000000086500000, 0x0000000086500000| Untracked 
|  84|0x0000000086600000, 0x0000000086600000, 0x0000000086700000|  0%| F|  |TAMS 0x0000000086600000, 0x0000000086600000| Untracked 
|  85|0x0000000086700000, 0x0000000086700000, 0x0000000086800000|  0%| F|  |TAMS 0x0000000086700000, 0x0000000086700000| Untracked 
|  86|0x0000000086800000, 0x0000000086800000, 0x0000000086900000|  0%| F|  |TAMS 0x0000000086800000, 0x0000000086800000| Untracked 
|  87|0x0000000086900000, 0x0000000086900000, 0x0000000086a00000|  0%| F|  |TAMS 0x0000000086900000, 0x0000000086900000| Untracked 
|  88|0x0000000086a00000, 0x0000000086a00000, 0x0000000086b00000|  0%| F|  |TAMS 0x0000000086a00000, 0x0000000086a00000| Untracked 
| 126|0x0000000089000000, 0x0000000089000000, 0x0000000089100000|  0%| F|  |TAMS 0x0000000089000000, 0x0000000089000000| Untracked 
| 127|0x0000000089100000, 0x0000000089100000, 0x0000000089200000|  0%| F|  |TAMS 0x0000000089100000, 0x0000000089100000| Untracked 

Card table byte_map: [0x000001f0ea290000,0x000001f0ea690000] _byte_map_base: 0x000001f0e9e87000

Marking Bits (Prev, Next): (CMBitMap*) 0x000001f0d7658440, (CMBitMap*) 0x000001f0d7658400
 Prev Bits: [0x000001f0eca50000, 0x000001f0eea08000)
 Next Bits: [0x000001f0eaa90000, 0x000001f0eca48000)

Polling page: 0x000001f0d54e0000

Metaspace:

Usage:
  Non-class:     29.46 MB used.
      Class:      3.85 MB used.
       Both:     33.32 MB used.

Virtual space:
  Non-class space:       32.00 MB reserved,      29.62 MB ( 93%) committed,  4 nodes.
      Class space:        1.00 GB reserved,       4.00 MB ( <1%) committed,  1 nodes.
              Both:        1.03 GB reserved,      33.62 MB (  3%) committed. 

Chunk freelists:
   Non-Class:  2.39 MB
       Class:  0 bytes
        Both:  2.39 MB

MaxMetaspaceSize: 17179869184.00 GB
CompressedClassSpaceSize: 1.00 GB
 - commit_granule_bytes: 65536.
 - commit_granule_words: 8192.
 - virtual_space_node_default_size: 1048576.
 - enlarge_chunks_in_place: 1.
 - new_chunks_are_fully_committed: 0.
 - uncommit_free_chunks: 1.
 - use_allocation_guard: 0.
 - handle_deallocations: 1.


Internal statistics:

num_allocs_failed_limit: 3.
num_arena_births: 312.
num_arena_deaths: 0.
num_vsnodes_births: 5.
num_vsnodes_deaths: 0.
num_space_committed: 538.
num_space_uncommitted: 0.
num_chunks_returned_to_freelist: 3.
num_chunks_taken_from_freelist: 1225.
num_chunk_merges: 3.
num_chunk_splits: 809.
num_chunks_enlarged: 603.
num_purges: 0.

CodeHeap 'non-profiled nmethods': size=120000Kb used=1379Kb max_used=1379Kb free=118620Kb
 bounds [0x000001f0e2630000, 0x000001f0e28a0000, 0x000001f0e9b60000]
CodeHeap 'profiled nmethods': size=120000Kb used=7356Kb max_used=7356Kb free=112643Kb
 bounds [0x000001f0db100000, 0x000001f0db830000, 0x000001f0e2630000]
CodeHeap 'non-nmethods': size=5760Kb used=1179Kb max_used=1249Kb free=4580Kb
 bounds [0x000001f0dab60000, 0x000001f0dadd0000, 0x000001f0db100000]
 total_blobs=3826 nmethods=3361 adapters=377
 compilation: enabled
              stopped_count=0, restarted_count=0
 full_count=0

Compilation events (20 events):
Event: 2.833 Thread 0x000001f0f2031f70 3373       2       sun.net.www.protocol.jar.JarURLConnection::<init> (44 bytes)
Event: 2.834 Thread 0x000001f0f2031f70 nmethod 3373 0x000001f0db82b290 code [0x000001f0db82b460, 0x000001f0db82b738]
Event: 2.834 Thread 0x000001f0f2031f70 3374       2       java.util.jar.Manifest$FastInputStream::fill (38 bytes)
Event: 2.834 Thread 0x000001f0f2031f70 nmethod 3374 0x000001f0db82b890 code [0x000001f0db82ba40, 0x000001f0db82bba8]
Event: 2.834 Thread 0x000001f0f2031f70 3375       2       jdk.internal.misc.Unsafe::checkPointer (19 bytes)
Event: 2.835 Thread 0x000001f0f2031f70 nmethod 3375 0x000001f0db82bc90 code [0x000001f0db82be40, 0x000001f0db82c008]
Event: 2.852 Thread 0x000001f0f2031f70 3376       2       jdk.internal.misc.Unsafe::checkPrimitivePointer (19 bytes)
Event: 2.853 Thread 0x000001f0f2031f70 nmethod 3376 0x000001f0db82c110 code [0x000001f0db82c2e0, 0x000001f0db82c588]
Event: 2.853 Thread 0x000001f0f2031f70 3377       2       java.net.URL::<init> (7 bytes)
Event: 2.853 Thread 0x000001f0f2031f70 nmethod 3377 0x000001f0db82c790 code [0x000001f0db82c940, 0x000001f0db82ca68]
Event: 2.854 Thread 0x000001f0f2031f70 3378   !   2       sun.net.www.protocol.jar.JarFileFactory::get (215 bytes)
Event: 2.856 Thread 0x000001f0f2031f70 nmethod 3378 0x000001f0db82cb10 code [0x000001f0db82cde0, 0x000001f0db82d688]
Event: 2.856 Thread 0x000001f0f2031f70 3379       2       java.util.WeakHashMap::size (18 bytes)
Event: 2.856 Thread 0x000001f0f2031f70 nmethod 3379 0x000001f0db82dc90 code [0x000001f0db82de40, 0x000001f0db82dfa8]
Event: 2.857 Thread 0x000001f0f2031f70 3380       2       java.util.WeakHashMap::isEmpty (13 bytes)
Event: 2.857 Thread 0x000001f0f2031f70 nmethod 3380 0x000001f0db82e090 code [0x000001f0db82e240, 0x000001f0db82e3a8]
Event: 2.859 Thread 0x000001f0f2031f70 3381   !   2       sun.net.www.protocol.jar.JarFileFactory::getConnection (40 bytes)
Event: 2.859 Thread 0x000001f0f2031f70 nmethod 3381 0x000001f0db82e490 code [0x000001f0db82e660, 0x000001f0db82e938]
Event: 2.860 Thread 0x000001f0f2031f70 3382       2       java.lang.StringLatin1::compareToCI (108 bytes)
Event: 2.861 Thread 0x000001f0f2031f70 nmethod 3382 0x000001f0db82eb10 code [0x000001f0db82ed00, 0x000001f0db82f098]

GC Heap History (19 events):
Event: 0.542 GC heap before
{Heap before GC invocations=0 (full 0):
 garbage-first heap   total 131072K, used 23552K [0x0000000081200000, 0x0000000100000000)
  region size 1024K, 23 young (23552K), 0 survivors (0K)
 Metaspace       used 11749K, committed 11968K, reserved 1064960K
  class space    used 1115K, committed 1216K, reserved 1048576K
}
Event: 0.547 GC heap after
{Heap after GC invocations=1 (full 0):
 garbage-first heap   total 131072K, used 6160K [0x0000000081200000, 0x0000000100000000)
  region size 1024K, 3 young (3072K), 3 survivors (3072K)
 Metaspace       used 11749K, committed 11968K, reserved 1064960K
  class space    used 1115K, committed 1216K, reserved 1048576K
}
Event: 0.557 GC heap before
{Heap before GC invocations=1 (full 0):
 garbage-first heap   total 131072K, used 34832K [0x0000000081200000, 0x0000000100000000)
  region size 1024K, 32 young (32768K), 3 survivors (3072K)
 Metaspace       used 11749K, committed 11968K, reserved 1064960K
  class space    used 1115K, committed 1216K, reserved 1048576K
}
Event: 0.559 GC heap after
{Heap after GC invocations=2 (full 0):
 garbage-first heap   total 131072K, used 6511K [0x0000000081200000, 0x0000000100000000)
  region size 1024K, 1 young (1024K), 1 survivors (1024K)
 Metaspace       used 11749K, committed 11968K, reserved 1064960K
  class space    used 1115K, committed 1216K, reserved 1048576K
}
Event: 1.049 GC heap before
{Heap before GC invocations=2 (full 0):
 garbage-first heap   total 131072K, used 44399K [0x0000000081200000, 0x0000000100000000)
  region size 1024K, 39 young (39936K), 1 survivors (1024K)
 Metaspace       used 21036K, committed 21248K, reserved 1073152K
  class space    used 2234K, committed 2368K, reserved 1048576K
}
Event: 1.052 GC heap after
{Heap after GC invocations=3 (full 0):
 garbage-first heap   total 131072K, used 8860K [0x0000000081200000, 0x0000000100000000)
  region size 1024K, 3 young (3072K), 3 survivors (3072K)
 Metaspace       used 21036K, committed 21248K, reserved 1073152K
  class space    used 2234K, committed 2368K, reserved 1048576K
}
Event: 1.272 GC heap before
{Heap before GC invocations=4 (full 0):
 garbage-first heap   total 40960K, used 38556K [0x0000000081200000, 0x0000000100000000)
  region size 1024K, 33 young (33792K), 3 survivors (3072K)
 Metaspace       used 24239K, committed 24512K, reserved 1073152K
  class space    used 2688K, committed 2816K, reserved 1048576K
}
Event: 1.276 GC heap after
{Heap after GC invocations=5 (full 0):
 garbage-first heap   total 45056K, used 9779K [0x0000000081200000, 0x0000000100000000)
  region size 1024K, 4 young (4096K), 4 survivors (4096K)
 Metaspace       used 24239K, committed 24512K, reserved 1073152K
  class space    used 2688K, committed 2816K, reserved 1048576K
}
Event: 1.280 GC heap before
{Heap before GC invocations=5 (full 0):
 garbage-first heap   total 45056K, used 29235K [0x0000000081200000, 0x0000000100000000)
  region size 1024K, 24 young (24576K), 4 survivors (4096K)
 Metaspace       used 24239K, committed 24512K, reserved 1073152K
  class space    used 2688K, committed 2816K, reserved 1048576K
}
Event: 1.283 GC heap after
{Heap after GC invocations=6 (full 0):
 garbage-first heap   total 45056K, used 9901K [0x0000000081200000, 0x0000000100000000)
  region size 1024K, 2 young (2048K), 2 survivors (2048K)
 Metaspace       used 24239K, committed 24512K, reserved 1073152K
  class space    used 2688K, committed 2816K, reserved 1048576K
}
Event: 1.642 GC heap before
{Heap before GC invocations=6 (full 0):
 garbage-first heap   total 45056K, used 30381K [0x0000000081200000, 0x0000000100000000)
  region size 1024K, 23 young (23552K), 2 survivors (2048K)
 Metaspace       used 26160K, committed 26432K, reserved 1073152K
  class space    used 2883K, committed 3008K, reserved 1048576K
}
Event: 1.644 GC heap after
{Heap after GC invocations=7 (full 0):
 garbage-first heap   total 45056K, used 10660K [0x0000000081200000, 0x0000000100000000)
  region size 1024K, 2 young (2048K), 2 survivors (2048K)
 Metaspace       used 26160K, committed 26432K, reserved 1073152K
  class space    used 2883K, committed 3008K, reserved 1048576K
}
Event: 2.161 GC heap before
{Heap before GC invocations=7 (full 0):
 garbage-first heap   total 45056K, used 31140K [0x0000000081200000, 0x0000000100000000)
  region size 1024K, 23 young (23552K), 2 survivors (2048K)
 Metaspace       used 29772K, committed 30080K, reserved 1081344K
  class space    used 3373K, committed 3520K, reserved 1048576K
}
Event: 2.165 GC heap after
{Heap after GC invocations=8 (full 0):
 garbage-first heap   total 45056K, used 12184K [0x0000000081200000, 0x0000000100000000)
  region size 1024K, 3 young (3072K), 3 survivors (3072K)
 Metaspace       used 29772K, committed 30080K, reserved 1081344K
  class space    used 3373K, committed 3520K, reserved 1048576K
}
Event: 2.835 GC heap before
{Heap before GC invocations=8 (full 0):
 garbage-first heap   total 45056K, used 31640K [0x0000000081200000, 0x0000000100000000)
  region size 1024K, 23 young (23552K), 3 survivors (3072K)
 Metaspace       used 34112K, committed 34432K, reserved 1081344K
  class space    used 3946K, committed 4096K, reserved 1048576K
}
Event: 2.839 GC heap after
{Heap after GC invocations=9 (full 0):
 garbage-first heap   total 45056K, used 14398K [0x0000000081200000, 0x0000000100000000)
  region size 1024K, 3 young (3072K), 3 survivors (3072K)
 Metaspace       used 34112K, committed 34432K, reserved 1081344K
  class space    used 3946K, committed 4096K, reserved 1048576K
}
Event: 2.841 GC heap before
{Heap before GC invocations=9 (full 0):
 garbage-first heap   total 45056K, used 31806K [0x0000000081200000, 0x0000000100000000)
  region size 1024K, 21 young (21504K), 3 survivors (3072K)
 Metaspace       used 34112K, committed 34432K, reserved 1081344K
  class space    used 3946K, committed 4096K, reserved 1048576K
}
Event: 2.845 GC heap after
{Heap after GC invocations=10 (full 0):
 garbage-first heap   total 45056K, used 14505K [0x0000000081200000, 0x0000000100000000)
  region size 1024K, 1 young (1024K), 1 survivors (1024K)
 Metaspace       used 34112K, committed 34432K, reserved 1081344K
  class space    used 3946K, committed 4096K, reserved 1048576K
}
Event: 2.861 GC heap before
{Heap before GC invocations=10 (full 0):
 garbage-first heap   total 45056K, used 32937K [0x0000000081200000, 0x0000000100000000)
  region size 1024K, 20 young (20480K), 1 survivors (1024K)
 Metaspace       used 34117K, committed 34432K, reserved 1081344K
  class space    used 3946K, committed 4096K, reserved 1048576K
}

Deoptimization events (20 events):
Event: 2.550 Thread 0x000001f0f3683740 Uncommon trap: trap_request=0xffffff45 fr.pc=0x000001f0e2732c60 relative=0x00000000000002c0
Event: 2.550 Thread 0x000001f0f3683740 Uncommon trap: reason=unstable_if action=reinterpret pc=0x000001f0e2732c60 method=java.util.LinkedHashMap.get(Ljava/lang/Object;)Ljava/lang/Object; @ 16 c2
Event: 2.550 Thread 0x000001f0f3683740 DEOPT PACKING pc=0x000001f0e2732c60 sp=0x0000005cc39fd950
Event: 2.550 Thread 0x000001f0f3683740 DEOPT UNPACKING pc=0x000001f0dabad72e sp=0x0000005cc39fd8f8 mode 2
Event: 2.675 Thread 0x000001f0f3683740 DEOPT PACKING pc=0x000001f0db7e6c38 sp=0x0000005cc39fcc90
Event: 2.675 Thread 0x000001f0f3683740 DEOPT UNPACKING pc=0x000001f0dabadece sp=0x0000005cc39fc1a8 mode 0
Event: 2.785 Thread 0x000001f0f3683740 Uncommon trap: trap_request=0xffffff45 fr.pc=0x000001f0e26fd9d0 relative=0x0000000000000950
Event: 2.785 Thread 0x000001f0f3683740 Uncommon trap: reason=unstable_if action=reinterpret pc=0x000001f0e26fd9d0 method=java.util.Properties.loadConvert([CIILjava/lang/StringBuilder;)Ljava/lang/String; @ 148 c2
Event: 2.785 Thread 0x000001f0f3683740 DEOPT PACKING pc=0x000001f0e26fd9d0 sp=0x0000005cc39fd150
Event: 2.785 Thread 0x000001f0f3683740 DEOPT UNPACKING pc=0x000001f0dabad72e sp=0x0000005cc39fd118 mode 2
Event: 2.785 Thread 0x000001f0f3683740 Uncommon trap: trap_request=0xffffff45 fr.pc=0x000001f0e2688eac relative=0x000000000000038c
Event: 2.785 Thread 0x000001f0f3683740 Uncommon trap: reason=unstable_if action=reinterpret pc=0x000001f0e2688eac method=java.lang.StringBuilder.toString()Ljava/lang/String; @ 4 c2
Event: 2.785 Thread 0x000001f0f3683740 DEOPT PACKING pc=0x000001f0e2688eac sp=0x0000005cc39fd0d0
Event: 2.785 Thread 0x000001f0f3683740 DEOPT UNPACKING pc=0x000001f0dabad72e sp=0x0000005cc39fd0b0 mode 2
Event: 2.789 Thread 0x000001f0f3683740 DEOPT PACKING pc=0x000001f0db7e6c38 sp=0x0000005cc39f9f10
Event: 2.789 Thread 0x000001f0f3683740 DEOPT UNPACKING pc=0x000001f0dabadece sp=0x0000005cc39f9428 mode 0
Event: 2.815 Thread 0x000001f0f3683740 DEOPT PACKING pc=0x000001f0db828a4e sp=0x0000005cc39fd670
Event: 2.815 Thread 0x000001f0f3683740 DEOPT UNPACKING pc=0x000001f0dabadece sp=0x0000005cc39fcb60 mode 0
Event: 2.829 Thread 0x000001f0f3683740 DEOPT PACKING pc=0x000001f0db828a4e sp=0x0000005cc39fd0c0
Event: 2.829 Thread 0x000001f0f3683740 DEOPT UNPACKING pc=0x000001f0dabadece sp=0x0000005cc39fc5b0 mode 0

Classes unloaded (0 events):
No events

Classes redefined (0 events):
No events

Internal exceptions (20 events):
Event: 2.211 Thread 0x000001f0f3683740 Exception <a 'java/lang/ClassNotFoundException'{0x0000000086aa4848}: org/springframework/beans/factory/BeanFactoryAwareCustomizer> (0x0000000086aa4848) 
thrown [t:\workspace\open\src\hotspot\share\classfile\systemDictionary.cpp, line 256]
Event: 2.211 Thread 0x000001f0f3683740 Exception <a 'java/lang/ClassNotFoundException'{0x0000000086aa9f88}: org/springframework/beans/factory/AwareCustomizer> (0x0000000086aa9f88) 
thrown [t:\workspace\open\src\hotspot\share\classfile\systemDictionary.cpp, line 256]
Event: 2.212 Thread 0x000001f0f3683740 Exception <a 'java/lang/ClassNotFoundException'{0x0000000086aadb38}: org/springframework/core/OrderedCustomizer> (0x0000000086aadb38) 
thrown [t:\workspace\open\src\hotspot\share\classfile\systemDictionary.cpp, line 256]
Event: 2.212 Thread 0x000001f0f3683740 Exception <a 'java/lang/ClassNotFoundException'{0x0000000086ab2680}: org/springframework/beans/factory/BeanClassLoaderAwareCustomizer> (0x0000000086ab2680) 
thrown [t:\workspace\open\src\hotspot\share\classfile\systemDictionary.cpp, line 256]
Event: 2.212 Thread 0x000001f0f3683740 Exception <a 'java/lang/ClassNotFoundException'{0x0000000086ab7250}: org/springframework/beans/factory/AwareCustomizer> (0x0000000086ab7250) 
thrown [t:\workspace\open\src\hotspot\share\classfile\systemDictionary.cpp, line 256]
Event: 2.212 Thread 0x000001f0f3683740 Exception <a 'java/lang/ClassNotFoundException'{0x0000000086abb5b0}: org/springframework/aop/framework/AopInfrastructureBeanCustomizer> (0x0000000086abb5b0) 
thrown [t:\workspace\open\src\hotspot\share\classfile\systemDictionary.cpp, line 256]
Event: 2.230 Thread 0x000001f0f3683740 Exception <a 'java/lang/ClassNotFoundException'{0x000000008699ae40}: java/lang/ObjectCustomizer> (0x000000008699ae40) 
thrown [t:\workspace\open\src\hotspot\share\classfile\systemDictionary.cpp, line 256]
Event: 2.230 Thread 0x000001f0f3683740 Exception <a 'java/lang/ClassNotFoundException'{0x00000000869a3460}: org/springframework/transaction/annotation/AbstractTransactionManagementConfigurationCustomizer> (0x00000000869a3460) 
thrown [t:\workspace\open\src\hotspot\share\classfile\systemDictionary.cpp, line 256]
Event: 2.231 Thread 0x000001f0f3683740 Exception <a 'java/lang/ClassNotFoundException'{0x00000000869aa8b8}: org/springframework/transaction/annotation/ProxyTransactionManagementConfigurationCustomizer> (0x00000000869aa8b8) 
thrown [t:\workspace\open\src\hotspot\share\classfile\systemDictionary.cpp, line 256]
Event: 2.231 Thread 0x000001f0f3683740 Exception <a 'java/lang/ClassNotFoundException'{0x00000000869b3048}: org/springframework/context/annotation/ImportAwareCustomizer> (0x00000000869b3048) 
thrown [t:\workspace\open\src\hotspot\share\classfile\systemDictionary.cpp, line 256]
Event: 2.232 Thread 0x000001f0f3683740 Exception <a 'java/lang/ClassNotFoundException'{0x00000000869b8820}: org/springframework/beans/factory/AwareCustomizer> (0x00000000869b8820) 
thrown [t:\workspace\open\src\hotspot\share\classfile\systemDictionary.cpp, line 256]
Event: 2.265 Thread 0x000001f0f3683740 Exception <a 'java/lang/NoSuchMethodError'{0x0000000083873ee8}: 'java.lang.Object java.lang.invoke.DirectMethodHandle$Holder.invokeSpecialIFC(java.lang.Object, java.lang.Object, java.lang.Object)'> (0x0000000083873ee8) 
thrown [t:\workspace\open\src\hotspot\share\interpreter\linkResolver.cpp, line 790]
Event: 2.333 Thread 0x000001f0f3683740 Exception <a 'java/lang/NoSuchMethodError'{0x00000000837be458}: 'int java.lang.invoke.DirectMethodHandle$Holder.invokeSpecial(java.lang.Object, java.lang.Object, java.lang.Object, java.lang.Object, java.lang.Object)'> (0x00000000837be458) 
thrown [t:\workspace\open\src\hotspot\share\interpreter\linkResolver.cpp, line 790]
Event: 2.392 Thread 0x000001f0f3683740 Implicit null exception at 0x000001f0e275c260 to 0x000001f0e275c4ac
Event: 2.422 Thread 0x000001f0f3683740 Exception <a 'java/lang/NoSuchMethodError'{0x00000000834d65b0}: 'void java.lang.invoke.DirectMethodHandle$Holder.invokeInterface(java.lang.Object, java.lang.Object, int)'> (0x00000000834d65b0) 
thrown [t:\workspace\open\src\hotspot\share\interpreter\linkResolver.cpp, line 790]
Event: 2.430 Thread 0x000001f0f3683740 Exception <a 'java/lang/IncompatibleClassChangeError'{0x00000000833292f8}: Found class java.lang.Object, but interface was expected> (0x00000000833292f8) 
thrown [t:\workspace\open\src\hotspot\share\interpreter\linkResolver.cpp, line 857]
Event: 2.430 Thread 0x000001f0f3683740 Exception <a 'java/lang/NoSuchMethodError'{0x000000008332ea00}: 'void java.lang.invoke.DirectMethodHandle$Holder.invokeStatic(java.lang.Object, int, java.lang.Object)'> (0x000000008332ea00) 
thrown [t:\workspace\open\src\hotspot\share\interpreter\linkResolver.cpp, line 790]
Event: 2.434 Thread 0x000001f0f3683740 Exception <a 'java/lang/NoSuchMethodError'{0x000000008335ee50}: 'int java.lang.invoke.DirectMethodHandle$Holder.invokeSpecial(java.lang.Object, java.lang.Object, int)'> (0x000000008335ee50) 
thrown [t:\workspace\open\src\hotspot\share\interpreter\linkResolver.cpp, line 790]
Event: 2.589 Thread 0x000001f0f3683740 Exception <a 'java/lang/NoSuchMethodError'{0x0000000082f6ca48}: 'java.lang.Object java.lang.invoke.DirectMethodHandle$Holder.invokeStaticInit(java.lang.Object, int, int, int, int)'> (0x0000000082f6ca48) 
thrown [t:\workspace\open\src\hotspot\share\interpreter\linkResolver.cpp, line 790]
Event: 2.663 Thread 0x000001f0f3683740 Exception <a 'java/lang/NoSuchMethodError'{0x0000000082f88de0}: 'java.lang.Object java.lang.invoke.DirectMethodHandle$Holder.invokeStaticInit(java.lang.Object, java.lang.Object, int, int, int, int)'> (0x0000000082f88de0) 
thrown [t:\workspace\open\src\hotspot\share\interpreter\linkResolver.cpp, line 790]

Events (20 events):
Event: 2.808 loading class jdk/internal/logger/LazyLoggers$LazyLoggerFactories done
Event: 2.809 loading class jdk/internal/logger/LoggerFinderLoader
Event: 2.809 loading class jdk/internal/logger/LoggerFinderLoader done
Event: 2.810 loading class sun/util/logging/internal/LoggingProviderImpl$JULWrapper
Event: 2.810 loading class sun/util/logging/internal/LoggingProviderImpl$JULWrapper done
Event: 2.824 loading class java/beans/PropertyChangeListenerProxy
Event: 2.824 loading class java/util/EventListenerProxy
Event: 2.824 loading class java/util/EventListenerProxy done
Event: 2.824 loading class java/beans/PropertyChangeListenerProxy done
Event: 2.830 loading class java/security/NoSuchProviderException
Event: 2.830 loading class java/security/NoSuchProviderException done
Event: 2.831 loading class java/util/concurrent/ConcurrentLinkedQueue
Event: 2.831 loading class java/util/concurrent/ConcurrentLinkedQueue done
Event: 2.831 loading class java/util/concurrent/ConcurrentLinkedQueue$Node
Event: 2.831 loading class java/util/concurrent/ConcurrentLinkedQueue$Node done
Event: 2.835 Executing  VM operation: G1CollectForAllocation
Event: 2.839 Executing  VM operation: G1CollectForAllocation done
Event: 2.841 Executing  VM operation: G1CollectForAllocation
Event: 2.845 Executing  VM operation: G1CollectForAllocation done
Event: 2.861 Executing  VM operation: G1CollectForAllocation


Dynamic libraries:
0x00007ff6ee0a0000 - 0x00007ff6ee0ae000 	C:\Users\apoorvayc\Downloads\sts-4.11.0.RELEASE\plugins\org.eclipse.justj.openjdk.hotspot.jre.full.win32.x86_64_16.0.1.v20210528-1205\jre\bin\javaw.exe
0x00007ffa81d10000 - 0x00007ffa81f05000 	C:\WINDOWS\SYSTEM32\ntdll.dll
0x00007ffa81c10000 - 0x00007ffa81ccd000 	C:\WINDOWS\System32\KERNEL32.DLL
0x00007ffa7f710000 - 0x00007ffa7f9d8000 	C:\WINDOWS\System32\KERNELBASE.dll
0x00007ffa7fa70000 - 0x00007ffa7fb70000 	C:\WINDOWS\System32\ucrtbase.dll
0x00007ffa723d0000 - 0x00007ffa723e8000 	C:\Users\apoorvayc\Downloads\sts-4.11.0.RELEASE\plugins\org.eclipse.justj.openjdk.hotspot.jre.full.win32.x86_64_16.0.1.v20210528-1205\jre\bin\jli.dll
0x00007ffa81840000 - 0x00007ffa819e0000 	C:\WINDOWS\System32\USER32.dll
0x00007ffa7f450000 - 0x00007ffa7f472000 	C:\WINDOWS\System32\win32u.dll
0x00007ffa7ff10000 - 0x00007ffa7ff3a000 	C:\WINDOWS\System32\GDI32.dll
0x00007ffa7f600000 - 0x00007ffa7f70b000 	C:\WINDOWS\System32\gdi32full.dll
0x00007ffa7f560000 - 0x00007ffa7f5fd000 	C:\WINDOWS\System32\msvcp_win.dll
0x00007ffa72160000 - 0x00007ffa72179000 	C:\Users\apoorvayc\Downloads\sts-4.11.0.RELEASE\plugins\org.eclipse.justj.openjdk.hotspot.jre.full.win32.x86_64_16.0.1.v20210528-1205\jre\bin\VCRUNTIME140.dll
0x00007ffa6a2d0000 - 0x00007ffa6a56a000 	C:\WINDOWS\WinSxS\amd64_microsoft.windows.common-controls_6595b64144ccf1df_6.0.19041.1052_none_60b8f8fd71f5e8cb\COMCTL32.dll
0x00007ffa80aa0000 - 0x00007ffa80b3e000 	C:\WINDOWS\System32\msvcrt.dll
0x00007ffa80800000 - 0x00007ffa80830000 	C:\WINDOWS\System32\IMM32.DLL
0x00007ffa78b30000 - 0x00007ffa78c58000 	C:\Program Files (x86)\Citrix\ICA Client\epclient64.dll
0x00007ffa76370000 - 0x00007ffa7637a000 	C:\WINDOWS\SYSTEM32\VERSION.dll
0x00007ffa808a0000 - 0x00007ffa8094c000 	C:\WINDOWS\System32\ADVAPI32.dll
0x00007ffa80a00000 - 0x00007ffa80a9b000 	C:\WINDOWS\System32\sechost.dll
0x00007ffa819e0000 - 0x00007ffa81b0b000 	C:\WINDOWS\System32\RPCRT4.dll
0x00007ffa7e1d0000 - 0x00007ffa7e203000 	C:\WINDOWS\SYSTEM32\ntmarta.dll
0x00007ffa7b4b0000 - 0x00007ffa7b4bc000 	C:\Users\apoorvayc\Downloads\sts-4.11.0.RELEASE\plugins\org.eclipse.justj.openjdk.hotspot.jre.full.win32.x86_64_16.0.1.v20210528-1205\jre\bin\vcruntime140_1.dll
0x00007ffa47560000 - 0x00007ffa475f1000 	C:\Users\apoorvayc\Downloads\sts-4.11.0.RELEASE\plugins\org.eclipse.justj.openjdk.hotspot.jre.full.win32.x86_64_16.0.1.v20210528-1205\jre\bin\msvcp140.dll
0x00007ffa34db0000 - 0x00007ffa3595b000 	C:\Users\apoorvayc\Downloads\sts-4.11.0.RELEASE\plugins\org.eclipse.justj.openjdk.hotspot.jre.full.win32.x86_64_16.0.1.v20210528-1205\jre\bin\server\jvm.dll
0x000001f0d5460000 - 0x000001f0d5468000 	C:\WINDOWS\System32\PSAPI.DLL
0x00007ffa63a20000 - 0x00007ffa63a29000 	C:\WINDOWS\SYSTEM32\WSOCK32.dll
0x000001f0d5470000 - 0x000001f0d54db000 	C:\WINDOWS\System32\WS2_32.dll
0x00007ffa74d20000 - 0x00007ffa74d47000 	C:\WINDOWS\SYSTEM32\WINMM.dll
0x00007ffa7dd20000 - 0x00007ffa7dd32000 	C:\WINDOWS\SYSTEM32\kernel.appcore.dll
0x00007ffa79080000 - 0x00007ffa7908a000 	C:\Users\apoorvayc\Downloads\sts-4.11.0.RELEASE\plugins\org.eclipse.justj.openjdk.hotspot.jre.full.win32.x86_64_16.0.1.v20210528-1205\jre\bin\jimage.dll
0x00007ffa7d150000 - 0x00007ffa7d334000 	C:\WINDOWS\SYSTEM32\DBGHELP.DLL
0x00007ffa643c0000 - 0x00007ffa643ec000 	C:\WINDOWS\SYSTEM32\dbgcore.DLL
0x00007ffa7f4d0000 - 0x00007ffa7f553000 	C:\WINDOWS\System32\bcryptPrimitives.dll
0x00007ffa4e0f0000 - 0x00007ffa4e115000 	C:\Users\apoorvayc\Downloads\sts-4.11.0.RELEASE\plugins\org.eclipse.justj.openjdk.hotspot.jre.full.win32.x86_64_16.0.1.v20210528-1205\jre\bin\java.dll
0x00007ffa680f0000 - 0x00007ffa68108000 	C:\Users\apoorvayc\Downloads\sts-4.11.0.RELEASE\plugins\org.eclipse.justj.openjdk.hotspot.jre.full.win32.x86_64_16.0.1.v20210528-1205\jre\bin\zip.dll
0x00007ffa81030000 - 0x00007ffa8176f000 	C:\WINDOWS\System32\SHELL32.dll
0x00007ffa7d580000 - 0x00007ffa7dd10000 	C:\WINDOWS\SYSTEM32\windows.storage.dll
0x00007ffa80b40000 - 0x00007ffa80e95000 	C:\WINDOWS\System32\combase.dll
0x00007ffa7eec0000 - 0x00007ffa7eeec000 	C:\WINDOWS\SYSTEM32\Wldp.dll
0x00007ffa81770000 - 0x00007ffa8181e000 	C:\WINDOWS\System32\SHCORE.dll
0x000001f0f14a0000 - 0x000001f0f14f5000 	C:\WINDOWS\System32\shlwapi.dll
0x00007ffa7f390000 - 0x00007ffa7f3af000 	C:\WINDOWS\SYSTEM32\profapi.dll
0x00007ffa593a0000 - 0x00007ffa593b9000 	C:\Users\apoorvayc\Downloads\sts-4.11.0.RELEASE\plugins\org.eclipse.justj.openjdk.hotspot.jre.full.win32.x86_64_16.0.1.v20210528-1205\jre\bin\net.dll
0x00007ffa70460000 - 0x00007ffa7056b000 	C:\WINDOWS\SYSTEM32\WINHTTP.dll
0x00007ffa7ec30000 - 0x00007ffa7ec9a000 	C:\WINDOWS\system32\mswsock.dll
0x00007ffa567f0000 - 0x00007ffa56803000 	C:\Users\apoorvayc\Downloads\sts-4.11.0.RELEASE\plugins\org.eclipse.justj.openjdk.hotspot.jre.full.win32.x86_64_16.0.1.v20210528-1205\jre\bin\nio.dll
0x00007ffa77960000 - 0x00007ffa77970000 	C:\Users\apoorvayc\Downloads\sts-4.11.0.RELEASE\plugins\org.eclipse.justj.openjdk.hotspot.jre.full.win32.x86_64_16.0.1.v20210528-1205\jre\bin\verify.dll
0x00007ffa7b330000 - 0x00007ffa7b339000 	C:\Users\apoorvayc\Downloads\sts-4.11.0.RELEASE\plugins\org.eclipse.justj.openjdk.hotspot.jre.full.win32.x86_64_16.0.1.v20210528-1205\jre\bin\management.dll
0x00007ffa7a5b0000 - 0x00007ffa7a5bb000 	C:\Users\apoorvayc\Downloads\sts-4.11.0.RELEASE\plugins\org.eclipse.justj.openjdk.hotspot.jre.full.win32.x86_64_16.0.1.v20210528-1205\jre\bin\management_ext.dll
0x00007ffa5c010000 - 0x00007ffa5c027000 	C:\WINDOWS\system32\napinsp.dll
0x00007ffa5bff0000 - 0x00007ffa5c00b000 	C:\WINDOWS\system32\pnrpnsp.dll
0x00007ffa79590000 - 0x00007ffa795a5000 	C:\WINDOWS\system32\wshbth.dll
0x00007ffa7a4a0000 - 0x00007ffa7a4bd000 	C:\WINDOWS\system32\NLAapi.dll
0x00007ffa7e8b0000 - 0x00007ffa7e8eb000 	C:\WINDOWS\SYSTEM32\IPHLPAPI.DLL
0x00007ffa7e8f0000 - 0x00007ffa7e9bc000 	C:\WINDOWS\SYSTEM32\DNSAPI.dll
0x00007ffa807f0000 - 0x00007ffa807f8000 	C:\WINDOWS\System32\NSI.dll
0x00007ffa5bdf0000 - 0x00007ffa5be02000 	C:\WINDOWS\System32\winrnr.dll
0x00007ffa77a30000 - 0x00007ffa77a3a000 	C:\Windows\System32\rasadhlp.dll
0x00007ffa6e8b0000 - 0x00007ffa6e92f000 	C:\WINDOWS\System32\fwpuclnt.dll
0x00007ffa7fa40000 - 0x00007ffa7fa67000 	C:\WINDOWS\System32\bcrypt.dll
0x00007ffa7ee00000 - 0x00007ffa7ee18000 	C:\WINDOWS\SYSTEM32\CRYPTSP.dll
0x00007ffa7e500000 - 0x00007ffa7e534000 	C:\WINDOWS\system32\rsaenh.dll
0x00007ffa7f310000 - 0x00007ffa7f33e000 	C:\WINDOWS\SYSTEM32\USERENV.dll
0x00007ffa7ee20000 - 0x00007ffa7ee2c000 	C:\WINDOWS\SYSTEM32\CRYPTBASE.dll
0x00007ffa755e0000 - 0x00007ffa755f7000 	C:\WINDOWS\SYSTEM32\dhcpcsvc6.DLL
0x00007ffa76260000 - 0x00007ffa7627d000 	C:\WINDOWS\SYSTEM32\dhcpcsvc.DLL

dbghelp: loaded successfully - version: 4.0.5 - missing functions: none
symbol engine: initialized successfully - sym options: 0x614 - pdb path: .;C:\Users\apoorvayc\Downloads\sts-4.11.0.RELEASE\plugins\org.eclipse.justj.openjdk.hotspot.jre.full.win32.x86_64_16.0.1.v20210528-1205\jre\bin;C:\WINDOWS\SYSTEM32;C:\WINDOWS\WinSxS\amd64_microsoft.windows.common-controls_6595b64144ccf1df_6.0.19041.1052_none_60b8f8fd71f5e8cb;C:\Program Files (x86)\Citrix\ICA Client;C:\Users\apoorvayc\Downloads\sts-4.11.0.RELEASE\plugins\org.eclipse.justj.openjdk.hotspot.jre.full.win32.x86_64_16.0.1.v20210528-1205\jre\bin\server

VM Arguments:
jvm_args: -Dfile.encoding=UTF-8 -XX:+ShowCodeDetailsInExceptionMessages 
java_command: com.rkit.jpaproject.JpaprojectApplication
java_class_path (initial): D:\user_backup\Desktop\JPA_SpringBoot\jpaproject\target\classes;C:\Users\apoorvayc\.m2\repository\org\springframework\boot\spring-boot-starter-data-jpa\2.5.3\spring-boot-starter-data-jpa-2.5.3.jar;C:\Users\apoorvayc\.m2\repository\org\springframework\boot\spring-boot-starter-aop\2.5.3\spring-boot-starter-aop-2.5.3.jar;C:\Users\apoorvayc\.m2\repository\org\springframework\spring-aop\5.3.9\spring-aop-5.3.9.jar;C:\Users\apoorvayc\.m2\repository\org\aspectj\aspectjweaver\1.9.7\aspectjweaver-1.9.7.jar;C:\Users\apoorvayc\.m2\repository\org\springframework\boot\spring-boot-starter-jdbc\2.5.3\spring-boot-starter-jdbc-2.5.3.jar;C:\Users\apoorvayc\.m2\repository\com\zaxxer\HikariCP\4.0.3\HikariCP-4.0.3.jar;C:\Users\apoorvayc\.m2\repository\org\springframework\spring-jdbc\5.3.9\spring-jdbc-5.3.9.jar;C:\Users\apoorvayc\.m2\repository\jakarta\transaction\jakarta.transaction-api\1.3.3\jakarta.transaction-api-1.3.3.jar;C:\Users\apoorvayc\.m2\repository\jakarta\persistence\jakarta.persistence-api\2.2.3\jakarta.persistence-api-2.2.3.jar;C:\Users\apoorvayc\.m2\repository\org\hibernate\hibernate-core\5.4.32.Final\hibernate-core-5.4.32.Final.jar;C:\Users\apoorvayc\.m2\repository\org\jboss\logging\jboss-logging\3.4.2.Final\jboss-logging-3.4.2.Final.jar;C:\Users\apoorvayc\.m2\repository\org\javassist\javassist\3.27.0-GA\javassist-3.27.0-GA.jar;C:\Users\apoorvayc\.m2\repository\net\bytebuddy\byte-buddy\1.10.22\byte-buddy-1.10.22.jar;C:\Users\apoorvayc\.m2\repository\antlr\antlr\2.7.7\antlr-2.7.7.jar;C:\Users\apoorvayc\.m2\repository\org\jboss\jandex\2.2.3.Final\jandex-2.2.3.Final.jar;C:\Users\apoorvayc\.m2\repository\com\fasterxml\classmate\1.5.1\classmate-1.5.1.jar;C:\Users\apoorvayc\.m2\repository\org\dom4j\dom4j\2.1.3\dom4j-2.1.3.jar;C:\Users\apoorvayc\.m2\repository\org\hibernate\common\hibernate-commons-annotations\5.1.2.Final\hibernate-commons-annotations-5.1.2.Final.jar;C:\Users\apoorvayc\.m2\repository\org\glassfish\jaxb\jaxb-runtime\2.3.4\jaxb-runtime
Launcher Type: SUN_STANDARD

[Global flags]
     intx CICompilerCount                          = 4                                         {product} {ergonomic}
     uint ConcGCThreads                            = 2                                         {product} {ergonomic}
     uint G1ConcRefinementThreads                  = 8                                         {product} {ergonomic}
   size_t G1HeapRegionSize                         = 1048576                                   {product} {ergonomic}
    uintx GCDrainStackTargetSize                   = 64                                        {product} {ergonomic}
   size_t InitialHeapSize                          = 134217728                                 {product} {ergonomic}
   size_t MarkStackSize                            = 4194304                                   {product} {ergonomic}
   size_t MaxHeapSize                              = 2128609280                                {product} {ergonomic}
   size_t MaxNewSize                               = 1277165568                                {product} {ergonomic}
   size_t MinHeapDeltaBytes                        = 1048576                                   {product} {ergonomic}
   size_t MinHeapSize                              = 8388608                                   {product} {ergonomic}
    uintx NonNMethodCodeHeapSize                   = 5839372                                {pd product} {ergonomic}
    uintx NonProfiledCodeHeapSize                  = 122909434                              {pd product} {ergonomic}
    uintx ProfiledCodeHeapSize                     = 122909434                              {pd product} {ergonomic}
    uintx ReservedCodeCacheSize                    = 251658240                              {pd product} {ergonomic}
     bool SegmentedCodeCache                       = true                                      {product} {ergonomic}
     bool ShowCodeDetailsInExceptionMessages       = true                                   {manageable} {command line}
   size_t SoftMaxHeapSize                          = 2128609280                             {manageable} {ergonomic}
     bool UseCompressedClassPointers               = true                           {product lp64_product} {ergonomic}
     bool UseCompressedOops                        = true                           {product lp64_product} {ergonomic}
     bool UseG1GC                                  = true                                      {product} {ergonomic}
     bool UseLargePagesIndividualAllocation        = false                                  {pd product} {ergonomic}

Logging:
Log output configuration:
 #0: stdout all=warning uptime,level,tags
 #1: stderr all=off uptime,level,tags

Environment Variables:
JAVA_HOME=C:\PROGRA~1\Java\JDK-13~1.2\bin
PATH=C:/Users/apoorvayc/Downloads/sts-4.11.0.RELEASE//plugins/org.eclipse.justj.openjdk.hotspot.jre.full.win32.x86_64_16.0.1.v20210528-1205/jre/bin/server;C:/Users/apoorvayc/Downloads/sts-4.11.0.RELEASE//plugins/org.eclipse.justj.openjdk.hotspot.jre.full.win32.x86_64_16.0.1.v20210528-1205/jre/bin;C:\Program Files\Python38\Scripts\;C:\Program Files\Python38\;C:\Users\apoorvayc\AppData\Local\Programs\Python\Python36\;C:\Users\apoorvayc\AppData\Local\Programs\Python\Python36\Scripts\;C:\Windows\System32;C:\Windows;C:\Windows\System32\wbem;C:\Windows\System32\WindowsPowerShell\v1.0\;C:\Windows\System32\OpenSSH\;C:\Program Files (x86)\NVIDIA Corporation\PhysX\Common;C:\Program Files\NVIDIA Corporation\NVIDIA NGX;C:\Program Files\NVIDIA Corporation\NVIDIA NvDLISR;C:\Program Files\Git\cmd;C:\Program Files\Git\bin\;C:\Program Files\Microsoft\Web Platform Installer\;C:\Users\apoorvayc\AppData\Local\Microsoft\WindowsApps;C:\Users\apoorvayc\AppData\Local\JetBrains\PyCharm 2019.3\bin;C:\Users\apoorvayc\AppData\Local\Programs\Microsoft VS Code\bin;C:\Users\apoorvayc\Anaconda3\Scripts;C:\Program Files\Java\jdk-13.0.2;C:\Windows\System32;C:\Windows;C:\Windows\System32\wbem;C:\Windows\System32\WindowsPowerShell\v1.0\;C:\Windows\System32\OpenSSH\;C:\hadoop-2.8.0\bin;C:\PROGRA~1\Java\JDK-13~1.2\bin;C:\wget\;C:\glpk-4.65\w64;C:\Program Files\MATLAB\R2020b\bin;C:\Program Files\nodejs\;C:\Users\apoorvayc\AppData\Local\Programs\Python\Python36\bin\;C:\hadoop-2.8.0\pig-0.16.0\bin;C:\hadoop-2.8.0\pig-0.16.0;C:\Program Files\Polyspace\R2020a\runtime\win64;C:\Program Files\Polyspace\R2020a\bin;C:\Program Files\Polyspace\R2020a\polyspace\bin;C:\php-7.4.13;C:\Users\apoorvayc\AppData\Local\Programs\Python\Python36\Scripts\;C:\Users\apoorvayc\AppData\Local\Programs\Python\Python36\;C:\Scripts\;C:\;C:\Users\apoorvayc\AppData\Local\Microsoft\WindowsApps;C:\Program Files\JetBrains\PyCharm 2019.3.2\bin;;C:\Users\apoorvayc\Anaconda3\Scripts;C:\Program Files (x86)\Nmap;C:\Program Files\Java\jdk-13.0.2\bi
USERNAME=apoorvayc
OS=Windows_NT
PROCESSOR_IDENTIFIER=Intel64 Family 6 Model 158 Stepping 10, GenuineIntel



---------------  S Y S T E M  ---------------

OS:
 Windows 10 , 64 bit Build 19041 (10.0.19041.1023)
OS uptime: 16 days 4:31 hours

CPU: total 8 (initial active 8) (4 cores per cpu, 2 threads per core) family 6 model 158 stepping 10 microcode 0xde, cx8, cmov, fxsr, ht, mmx, 3dnowpref, sse, sse2, sse3, ssse3, sse4.1, sse4.2, popcnt, lzcnt, tsc, tscinvbit, avx, avx2, aes, erms, clmul, bmi1, bmi2, adx, fma, vzeroupper, clflush, clflushopt

Memory: 4k page, system-wide physical 8112M (494M free)
TotalPageFile size 32688M (AvailPageFile size 3M)
current process WorkingSet (physical memory assigned to process): 219M, peak: 228M
current process commit charge ("private bytes"): 308M, peak: 347M

vm_info: OpenJDK 64-Bit Server VM (16.0.1+9-24) for windows-amd64 JRE (16.0.1+9-24), built on Mar 26 2021 19:30:07 by "mach5one" with MS VC++ 16.7 (VS2019)

END.
